  Layer.cpp
C:\Users\lando\Documents\GitHub\Deep-Learning-Framework\Framework\Source\Tensor1D.h(44,16): error C3646: 'setShape': unknown override specifier
C:\Users\lando\Documents\GitHub\Deep-Learning-Framework\Framework\Source\Tensor1D.h(76): message : see reference to class template instantiation 'Tensor1D<dType>' being compiled
C:\Users\lando\Documents\GitHub\Deep-Learning-Framework\Framework\Source\Tensor1D.h(44,25): error C2059: syntax error: 'const'
C:\Users\lando\Documents\GitHub\Deep-Learning-Framework\Framework\Source\Tensor1D.h(45,1): error C2334: unexpected token(s) preceding '{'; skipping apparent function body
C:\Users\lando\Documents\GitHub\Deep-Learning-Framework\Framework\Source\Tensor1D.h(56,16): error C3646: 'flatten': unknown override specifier
C:\Users\lando\Documents\GitHub\Deep-Learning-Framework\Framework\Source\Tensor1D.h(56,24): error C2059: syntax error: ')'
C:\Users\lando\Documents\GitHub\Deep-Learning-Framework\Framework\Source\Tensor1D.h(57,1): error C2334: unexpected token(s) preceding '{'; skipping apparent function body
C:\Users\lando\Documents\GitHub\Deep-Learning-Framework\Framework\Source\Tensor1D.h(62,16): error C3646: 'squeeze': unknown override specifier
C:\Users\lando\Documents\GitHub\Deep-Learning-Framework\Framework\Source\Tensor1D.h(62,24): error C2059: syntax error: ')'
C:\Users\lando\Documents\GitHub\Deep-Learning-Framework\Framework\Source\Tensor1D.h(63,1): error C2334: unexpected token(s) preceding '{'; skipping apparent function body
C:\Users\lando\Documents\GitHub\Deep-Learning-Framework\Framework\Source\Tensor1D.h(68,16): error C3646: 'addAxis': unknown override specifier
C:\Users\lando\Documents\GitHub\Deep-Learning-Framework\Framework\Source\Tensor1D.h(68,24): error C2059: syntax error: ')'
C:\Users\lando\Documents\GitHub\Deep-Learning-Framework\Framework\Source\Tensor1D.h(69,1): error C2334: unexpected token(s) preceding '{'; skipping apparent function body
C:\Users\lando\Documents\GitHub\Deep-Learning-Framework\Framework\Source\Tensor1D.h(34,3): error C3861: '_shape': identifier not found
C:\Users\lando\Documents\GitHub\Deep-Learning-Framework\Framework\Source\Tensor2D.h(47,16): error C3646: 'setShape': unknown override specifier
C:\Users\lando\Documents\GitHub\Deep-Learning-Framework\Framework\Source\Tensor2D.h(93): message : see reference to class template instantiation 'Tensor2D<dType>' being compiled
C:\Users\lando\Documents\GitHub\Deep-Learning-Framework\Framework\Source\Tensor2D.h(47,25): error C2059: syntax error: 'const'
C:\Users\lando\Documents\GitHub\Deep-Learning-Framework\Framework\Source\Tensor2D.h(48,1): error C2334: unexpected token(s) preceding '{'; skipping apparent function body
C:\Users\lando\Documents\GitHub\Deep-Learning-Framework\Framework\Source\Tensor2D.h(62,16): error C3646: 'flatten': unknown override specifier
C:\Users\lando\Documents\GitHub\Deep-Learning-Framework\Framework\Source\Tensor2D.h(62,24): error C2059: syntax error: ')'
C:\Users\lando\Documents\GitHub\Deep-Learning-Framework\Framework\Source\Tensor2D.h(63,1): error C2334: unexpected token(s) preceding '{'; skipping apparent function body
C:\Users\lando\Documents\GitHub\Deep-Learning-Framework\Framework\Source\Tensor2D.h(68,16): error C3646: 'squeeze': unknown override specifier
C:\Users\lando\Documents\GitHub\Deep-Learning-Framework\Framework\Source\Tensor2D.h(68,24): error C2059: syntax error: ')'
C:\Users\lando\Documents\GitHub\Deep-Learning-Framework\Framework\Source\Tensor2D.h(69,1): error C2334: unexpected token(s) preceding '{'; skipping apparent function body
C:\Users\lando\Documents\GitHub\Deep-Learning-Framework\Framework\Source\Tensor2D.h(74,16): error C3646: 'addAxis': unknown override specifier
C:\Users\lando\Documents\GitHub\Deep-Learning-Framework\Framework\Source\Tensor2D.h(74,24): error C2059: syntax error: ')'
C:\Users\lando\Documents\GitHub\Deep-Learning-Framework\Framework\Source\Tensor2D.h(75,1): error C2334: unexpected token(s) preceding '{'; skipping apparent function body
C:\Users\lando\Documents\GitHub\Deep-Learning-Framework\Framework\Source\Tensor2D.h(85,1): error C2804: binary 'operator [' has too many parameters
C:\Users\lando\Documents\GitHub\Deep-Learning-Framework\Framework\Source\Tensor2D.h(85,1): error C2333: 'Tensor2D<dType>::operator []': error in function declaration; skipping function body
C:\Users\lando\Documents\GitHub\Deep-Learning-Framework\Framework\Source\Tensor2D.h(17,3): error C3861: 'setShape': identifier not found
C:\Users\lando\Documents\GitHub\Deep-Learning-Framework\Framework\Source\Tensor2D.h(17,11): message : 'setShape': function declaration must be available as none of the arguments depend on a template parameter
C:\Users\lando\Documents\GitHub\Deep-Learning-Framework\Framework\Source\Tensor2D.h(24,3): error C3861: 'setShape': identifier not found
C:\Users\lando\Documents\GitHub\Deep-Learning-Framework\Framework\Source\Tensor2D.h(24,11): message : 'setShape': function declaration must be available as none of the arguments depend on a template parameter
C:\Users\lando\Documents\GitHub\Deep-Learning-Framework\Framework\Source\Tensor2D.h(31,3): error C3861: 'setShape': identifier not found
C:\Users\lando\Documents\GitHub\Deep-Learning-Framework\Framework\Source\Tensor2D.h(31,11): message : 'setShape': function declaration must be available as none of the arguments depend on a template parameter
C:\Users\lando\Documents\GitHub\Deep-Learning-Framework\Framework\Source\Tensor2D.h(37,3): error C3861: '_shape': identifier not found
  Model.cpp
C:\Users\lando\Documents\GitHub\Deep-Learning-Framework\Framework\Source\Tensor1D.h(44,16): error C3646: 'setShape': unknown override specifier
C:\Users\lando\Documents\GitHub\Deep-Learning-Framework\Framework\Source\Tensor1D.h(76): message : see reference to class template instantiation 'Tensor1D<dType>' being compiled
C:\Users\lando\Documents\GitHub\Deep-Learning-Framework\Framework\Source\Tensor1D.h(44,25): error C2059: syntax error: 'const'
C:\Users\lando\Documents\GitHub\Deep-Learning-Framework\Framework\Source\Tensor1D.h(45,1): error C2334: unexpected token(s) preceding '{'; skipping apparent function body
C:\Users\lando\Documents\GitHub\Deep-Learning-Framework\Framework\Source\Tensor1D.h(56,16): error C3646: 'flatten': unknown override specifier
C:\Users\lando\Documents\GitHub\Deep-Learning-Framework\Framework\Source\Tensor1D.h(56,24): error C2059: syntax error: ')'
C:\Users\lando\Documents\GitHub\Deep-Learning-Framework\Framework\Source\Tensor1D.h(57,1): error C2334: unexpected token(s) preceding '{'; skipping apparent function body
C:\Users\lando\Documents\GitHub\Deep-Learning-Framework\Framework\Source\Tensor1D.h(62,16): error C3646: 'squeeze': unknown override specifier
C:\Users\lando\Documents\GitHub\Deep-Learning-Framework\Framework\Source\Tensor1D.h(62,24): error C2059: syntax error: ')'
C:\Users\lando\Documents\GitHub\Deep-Learning-Framework\Framework\Source\Tensor1D.h(63,1): error C2334: unexpected token(s) preceding '{'; skipping apparent function body
C:\Users\lando\Documents\GitHub\Deep-Learning-Framework\Framework\Source\Tensor1D.h(68,16): error C3646: 'addAxis': unknown override specifier
C:\Users\lando\Documents\GitHub\Deep-Learning-Framework\Framework\Source\Tensor1D.h(68,24): error C2059: syntax error: ')'
C:\Users\lando\Documents\GitHub\Deep-Learning-Framework\Framework\Source\Tensor1D.h(69,1): error C2334: unexpected token(s) preceding '{'; skipping apparent function body
C:\Users\lando\Documents\GitHub\Deep-Learning-Framework\Framework\Source\Tensor1D.h(34,3): error C3861: '_shape': identifier not found
C:\Users\lando\Documents\GitHub\Deep-Learning-Framework\Framework\Source\Tensor2D.h(47,16): error C3646: 'setShape': unknown override specifier
C:\Users\lando\Documents\GitHub\Deep-Learning-Framework\Framework\Source\Tensor2D.h(93): message : see reference to class template instantiation 'Tensor2D<dType>' being compiled
C:\Users\lando\Documents\GitHub\Deep-Learning-Framework\Framework\Source\Tensor2D.h(47,25): error C2059: syntax error: 'const'
C:\Users\lando\Documents\GitHub\Deep-Learning-Framework\Framework\Source\Tensor2D.h(48,1): error C2334: unexpected token(s) preceding '{'; skipping apparent function body
C:\Users\lando\Documents\GitHub\Deep-Learning-Framework\Framework\Source\Tensor2D.h(62,16): error C3646: 'flatten': unknown override specifier
C:\Users\lando\Documents\GitHub\Deep-Learning-Framework\Framework\Source\Tensor2D.h(62,24): error C2059: syntax error: ')'
C:\Users\lando\Documents\GitHub\Deep-Learning-Framework\Framework\Source\Tensor2D.h(63,1): error C2334: unexpected token(s) preceding '{'; skipping apparent function body
C:\Users\lando\Documents\GitHub\Deep-Learning-Framework\Framework\Source\Tensor2D.h(68,16): error C3646: 'squeeze': unknown override specifier
C:\Users\lando\Documents\GitHub\Deep-Learning-Framework\Framework\Source\Tensor2D.h(68,24): error C2059: syntax error: ')'
C:\Users\lando\Documents\GitHub\Deep-Learning-Framework\Framework\Source\Tensor2D.h(69,1): error C2334: unexpected token(s) preceding '{'; skipping apparent function body
C:\Users\lando\Documents\GitHub\Deep-Learning-Framework\Framework\Source\Tensor2D.h(74,16): error C3646: 'addAxis': unknown override specifier
C:\Users\lando\Documents\GitHub\Deep-Learning-Framework\Framework\Source\Tensor2D.h(74,24): error C2059: syntax error: ')'
C:\Users\lando\Documents\GitHub\Deep-Learning-Framework\Framework\Source\Tensor2D.h(75,1): error C2334: unexpected token(s) preceding '{'; skipping apparent function body
C:\Users\lando\Documents\GitHub\Deep-Learning-Framework\Framework\Source\Tensor2D.h(85,1): error C2804: binary 'operator [' has too many parameters
C:\Users\lando\Documents\GitHub\Deep-Learning-Framework\Framework\Source\Tensor2D.h(85,1): error C2333: 'Tensor2D<dType>::operator []': error in function declaration; skipping function body
C:\Users\lando\Documents\GitHub\Deep-Learning-Framework\Framework\Source\Tensor2D.h(17,3): error C3861: 'setShape': identifier not found
C:\Users\lando\Documents\GitHub\Deep-Learning-Framework\Framework\Source\Tensor2D.h(17,11): message : 'setShape': function declaration must be available as none of the arguments depend on a template parameter
C:\Users\lando\Documents\GitHub\Deep-Learning-Framework\Framework\Source\Tensor2D.h(24,3): error C3861: 'setShape': identifier not found
C:\Users\lando\Documents\GitHub\Deep-Learning-Framework\Framework\Source\Tensor2D.h(24,11): message : 'setShape': function declaration must be available as none of the arguments depend on a template parameter
C:\Users\lando\Documents\GitHub\Deep-Learning-Framework\Framework\Source\Tensor2D.h(31,3): error C3861: 'setShape': identifier not found
C:\Users\lando\Documents\GitHub\Deep-Learning-Framework\Framework\Source\Tensor2D.h(31,11): message : 'setShape': function declaration must be available as none of the arguments depend on a template parameter
C:\Users\lando\Documents\GitHub\Deep-Learning-Framework\Framework\Source\Tensor2D.h(37,3): error C3861: '_shape': identifier not found
  Generating Code...
